<?xml version="1.0" encoding="UTF-8"?>
<testng-results ignored="0" total="0" passed="0" failed="0" skipped="0">
  <reporter-output>
  </reporter-output>
  <suite started-at="2024-07-03T23:48:08 IST" name="Suite" finished-at="2024-07-03T23:48:08 IST" duration-ms="0">
    <groups>
      <group name="ErrorValidations">
        <method signature="ErrorValidationsTest.LoginErrorValidation()[pri:0, instance:practice.ErrorValidationsTest@dc9876b]" name="LoginErrorValidation" class="practice.ErrorValidationsTest"/>
      </group> <!-- ErrorValidations -->
      <group name="Purchase">
        <method signature="SubmitOrderTest.submitOrder(java.util.HashMap)[pri:0, instance:practice.SubmitOrderTest@448c8166]" name="submitOrder" class="practice.SubmitOrderTest"/>
      </group> <!-- Purchase -->
    </groups>
  </suite> <!-- Suite -->
</testng-results>
